This is pdfTeX, Version 3.1415926-2.3-1.40.12 (MiKTeX 2.9) (preloaded format=pdflatex 2013.1.16)  7 APR 2015 21:08
entering extended mode
**C:/Users/Bonnie/Documents/MSU/CSE825/cse_825/Project/FinalReportTex/FinalRepo
rt.tex

(C:/Users/Bonnie/Documents/MSU/CSE825/cse_825/Project/FinalReportTex/FinalRepor
t.tex
LaTeX2e <2011/06/27>
Babel <v3.8m> and hyphenation patterns for english, afrikaans, ancientgreek, ar
abic, armenian, assamese, basque, bengali, bokmal, bulgarian, catalan, coptic, 
croatian, czech, danish, dutch, esperanto, estonian, farsi, finnish, french, ga
lician, german, german-x-2009-06-19, greek, gujarati, hindi, hungarian, iceland
ic, indonesian, interlingua, irish, italian, kannada, kurmanji, lao, latin, lat
vian, lithuanian, malayalam, marathi, mongolian, mongolianlmc, monogreek, ngerm
an, ngerman-x-2009-06-19, nynorsk, oriya, panjabi, pinyin, polish, portuguese, 
romanian, russian, sanskrit, serbian, slovak, slovenian, spanish, swedish, swis
sgerman, tamil, telugu, turkish, turkmen, ukenglish, ukrainian, uppersorbian, u
senglishmax, welsh, loaded.
(C:\Users\Bonnie\Documents\MSU\CSE825\cse_825\Project\FinalReportTex\ieee.cls
Document Class: ieee 2002/04/16 LaTeX2e class file `ieee' v1.0 for IEEE Confere
nce Proceedings
("C:\Program Files\MiKTeX 2.9\tex\latex\base\article.cls"
Document Class: article 2007/10/19 v1.4h Standard LaTeX document class
("C:\Program Files\MiKTeX 2.9\tex\latex\base\size10.clo"
File: size10.clo 2007/10/19 v1.4h Standard LaTeX file (size option)
)
\c@part=\count79
\c@section=\count80
\c@subsection=\count81
\c@subsubsection=\count82
\c@paragraph=\count83
\c@subparagraph=\count84
\c@figure=\count85
\c@table=\count86
\abovecaptionskip=\skip41
\belowcaptionskip=\skip42
\bibindent=\dimen102
)
(C:\Users\Bonnie\Documents\MSU\CSE825\cse_825\Project\FinalReportTex\ieee.clo
File: ieee.clo 2002/04/16 v1.0 IEEE Document Class Options
)
("C:\Program Files\MiKTeX 2.9\tex\latex\float\float.sty"
Package: float 2001/11/08 v1.3d Float enhancements (AL)
\c@float@type=\count87
\float@exts=\toks14
\float@box=\box26
\@float@everytoks=\toks15
\@floatcapt=\box27
)
(C:\Users\Bonnie\Documents\MSU\CSE825\cse_825\Project\FinalReportTex\floatsty.s
ty
Package: floatsty 2002/04/15 v0.1 Float styles (GNP)
\@fs@ieee@ctmp=\skip43
\@fs@ieee@figindent=\skip44
)
\@float@every@figure=\toks16
\@float@every@table=\toks17
) ("C:\Program Files\MiKTeX 2.9\tex\latex\psnfss\times.sty"
Package: times 2005/04/12 PSNFSS-v9.2a (SPQR) 
)
("C:\Program Files\MiKTeX 2.9\tex\latex\graphics\graphicx.sty"
Package: graphicx 1999/02/16 v1.0f Enhanced LaTeX Graphics (DPC,SPQR)

("C:\Program Files\MiKTeX 2.9\tex\latex\graphics\keyval.sty"
Package: keyval 1999/03/16 v1.13 key=value parser (DPC)
\KV@toks@=\toks18
)
("C:\Program Files\MiKTeX 2.9\tex\latex\graphics\graphics.sty"
Package: graphics 2009/02/05 v1.0o Standard LaTeX Graphics (DPC,SPQR)

("C:\Program Files\MiKTeX 2.9\tex\latex\graphics\trig.sty"
Package: trig 1999/03/16 v1.09 sin cos tan (DPC)
)
("C:\Program Files\MiKTeX 2.9\tex\latex\00miktex\graphics.cfg"
File: graphics.cfg 2007/01/18 v1.5 graphics configuration of teTeX/TeXLive
)
Package graphics Info: Driver file: pdftex.def on input line 91.

("C:\Program Files\MiKTeX 2.9\tex\latex\pdftex-def\pdftex.def"
File: pdftex.def 2011/05/27 v0.06d Graphics/color for pdfTeX

("C:\Program Files\MiKTeX 2.9\tex\generic\oberdiek\infwarerr.sty"
Package: infwarerr 2010/04/08 v1.3 Providing info/warning/error messages (HO)
)
("C:\Program Files\MiKTeX 2.9\tex\generic\oberdiek\ltxcmds.sty"
Package: ltxcmds 2011/11/09 v1.22 LaTeX kernel commands for general use (HO)
)
\Gread@gobject=\count88
))
\Gin@req@height=\dimen103
\Gin@req@width=\dimen104
)
(C:\Users\Bonnie\Documents\MSU\CSE825\cse_825\Project\FinalReportTex\FinalRepor
t.aux)
LaTeX Font Info:    Checking defaults for OML/cmm/m/it on input line 23.
LaTeX Font Info:    ... okay on input line 23.
LaTeX Font Info:    Checking defaults for T1/cmr/m/n on input line 23.
LaTeX Font Info:    ... okay on input line 23.
LaTeX Font Info:    Checking defaults for OT1/cmr/m/n on input line 23.
LaTeX Font Info:    ... okay on input line 23.
LaTeX Font Info:    Checking defaults for OMS/cmsy/m/n on input line 23.
LaTeX Font Info:    ... okay on input line 23.
LaTeX Font Info:    Checking defaults for OMX/cmex/m/n on input line 23.
LaTeX Font Info:    ... okay on input line 23.
LaTeX Font Info:    Checking defaults for U/cmr/m/n on input line 23.
LaTeX Font Info:    ... okay on input line 23.
LaTeX Font Info:    Try loading font information for OT1+ptm on input line 23.
 ("C:\Program Files\MiKTeX 2.9\tex\latex\psnfss\ot1ptm.fd"
File: ot1ptm.fd 2001/06/04 font definitions for OT1/ptm.
)
(C:\Users\Bonnie\AppData\Roaming\MiKTeX\2.9\tex\context\base\supp-pdf.mkii
[Loading MPS to PDF converter (version 2006.09.02).]
\scratchcounter=\count89
\scratchdimen=\dimen105
\scratchbox=\box28
\nofMPsegments=\count90
\nofMParguments=\count91
\everyMPshowfont=\toks19
\MPscratchCnt=\count92
\MPscratchDim=\dimen106
\MPnumerator=\count93
\makeMPintoPDFobject=\count94
\everyMPtoPDFconversion=\toks20
)
LaTeX Font Info:    Font shape `OT1/ptm/bx/n' in size <14.4> not available
(Font)              Font shape `OT1/ptm/b/n' tried instead on input line 35.
LaTeX Font Info:    External font `cmex10' loaded for size
(Font)              <12> on input line 35.
LaTeX Font Info:    External font `cmex10' loaded for size
(Font)              <8> on input line 35.
LaTeX Font Info:    External font `cmex10' loaded for size
(Font)              <6> on input line 35.
LaTeX Font Info:    Try loading font information for OMS+ptm on input line 35.
 ("C:\Program Files\MiKTeX 2.9\tex\latex\psnfss\omsptm.fd"
File: omsptm.fd 
)
LaTeX Font Info:    Font shape `OMS/ptm/m/n' in size <12> not available
(Font)              Font shape `OMS/cmsy/m/n' tried instead on input line 35.
LaTeX Font Info:    Font shape `OT1/ptm/bx/n' in size <12> not available
(Font)              Font shape `OT1/ptm/b/n' tried instead on input line 39.

Underfull \hbox (badness 6461) in paragraph at lines 41--42
[]\OT1/ptm/m/n/10 Universal Se-rial Bus (USB) tech-nol-ogy has be-
 []


Underfull \hbox (badness 1694) in paragraph at lines 41--42
\OT1/ptm/m/n/10 quires an in-di-vid-ual de-vice driver in or-der to en-able
 []

[1{C:/Users/Bonnie/AppData/Local/MiKTeX/2.9/pdftex/config/pdftex.map}


] [2]
<Pictures/Teensy.jpg, id=12, 224.33812pt x 109.91063pt>
File: Pictures/Teensy.jpg Graphic file (type jpg)

<use Pictures/Teensy.jpg>
Package pdftex.def Info: Pictures/Teensy.jpg used on input line 91.
(pdftex.def)             Requested size: 237.13594pt x 116.18436pt.
LaTeX Font Info:    Try loading font information for OT1+phv on input line 92.

("C:\Program Files\MiKTeX 2.9\tex\latex\psnfss\ot1phv.fd"
File: ot1phv.fd 2001/06/04 scalable font definitions for OT1/phv.
)
LaTeX Font Info:    Font shape `OT1/phv/bx/n' in size <10> not available
(Font)              Font shape `OT1/phv/b/n' tried instead on input line 92.
LaTeX Font Info:    Font shape `OT1/ptm/bx/n' in size <10.95> not available
(Font)              Font shape `OT1/ptm/b/n' tried instead on input line 114.

<Pictures/JavaGUI.png, id=13, 451.6875pt x 529.98pt>
File: Pictures/JavaGUI.png Graphic file (type png)

<use Pictures/JavaGUI.png>
Package pdftex.def Info: Pictures/JavaGUI.png used on input line 123.
(pdftex.def)             Requested size: 237.13594pt x 278.24365pt.

Underfull \vbox (badness 7397) has occurred while \output is active []

 [3 <C:/Users/Bonnie/Documents/MSU/CSE825/cse_825/Project/FinalReportTex/Pictur
es/Teensy.jpg>]
LaTeX Font Info:    Try loading font information for OT1+pcr on input line 144.

 ("C:\Program Files\MiKTeX 2.9\tex\latex\psnfss\ot1pcr.fd"
File: ot1pcr.fd 2001/06/04 font definitions for OT1/pcr.
)
Overfull \hbox (1.45319pt too wide) in paragraph at lines 144--145
\OT1/ptm/m/n/10 tirely within the \OT1/pcr/m/n/10 linux-3.19/drivers/hid/usbhid

 []


Underfull \hbox (badness 5862) in paragraph at lines 144--145
\OT1/ptm/m/n/10 sub-di-rec-tory and made use of the header files at
 []


Underfull \hbox (badness 10000) in paragraph at lines 144--145
\OT1/pcr/m/n/10 linux-3.19/include/linux\OT1/ptm/m/n/10 . The ap-pro-pri-ate
 []


Underfull \hbox (badness 1019) in paragraph at lines 144--145
\OT1/ptm/m/n/10 tion for more de-tail). Through this pro-cess, the ``us-b-
 []

LaTeX Font Info:    Font shape `OT1/ptm/bx/n' in size <10> not available
(Font)              Font shape `OT1/ptm/b/n' tried instead on input line 148.

Underfull \hbox (badness 5388) in paragraph at lines 148--149
\OT1/ptm/m/n/10 source code in the \OT1/pcr/m/n/10 drivers/hid/usbhid \OT1/ptm/
m/n/10 di-rec-
 []


Underfull \hbox (badness 10000) in paragraph at lines 148--149
\OT1/pcr/m/n/10 lib/modules/$(KVERSION)/build M=$(PWD)
 []


Underfull \hbox (badness 10000) in paragraph at lines 148--149
\OT1/pcr/m/n/10 modules\OT1/ptm/m/n/10 , where \OT1/pcr/m/n/10 KVERSION = $(she
ll uname
 []


Underfull \hbox (badness 10000) in paragraph at lines 148--149
\OT1/pcr/m/n/10 /lib/modules/$(KVERSION)/build M=$(PWD)
 []

[4 <C:/Users/Bonnie/Documents/MSU/CSE825/cse_825/Project/FinalReportTex/Picture
s/JavaGUI.png>]
LaTeX Font Info:    Font shape `OT1/pcr/bx/n' in size <10> not available
(Font)              Font shape `OT1/pcr/b/n' tried instead on input line 157.

Underfull \hbox (badness 10000) in paragraph at lines 157--158
\OT1/ptm/m/n/10 and the \OT1/pcr/m/n/10 call[]usermodehelper[]exec \OT1/ptm/m/n
/10 func-tions,
 []


Underfull \hbox (badness 8075) in paragraph at lines 157--158
\OT1/ptm/m/n/10 The \OT1/pcr/m/n/10 call[]usermodehelper[]setup \OT1/ptm/m/n/10
 func-tion pre-
 []


Underfull \hbox (badness 1655) in paragraph at lines 157--158
\OT1/ptm/m/n/10 pares a han-dler for the user space call, whereas the
 []


Underfull \hbox (badness 3323) in paragraph at lines 157--158
\OT1/pcr/m/n/10 call[]usermodehelper[]exec \OT1/ptm/m/n/10 func-tion in-vokes t
he
 []

LaTeX Font Info:    Font shape `OMS/ptm/m/n' in size <10> not available
(Font)              Font shape `OMS/cmsy/m/n' tried instead on input line 159.

Underfull \hbox (badness 2495) in paragraph at lines 162--163
[]\OT1/ptm/m/it/10 int wait\OT1/ptm/m/n/10 , \OT1/pcr/m/n/10 UMH[]WAIT[]EXEC \O
T1/ptm/m/n/10 to wait for the user
 []


Underfull \hbox (badness 2961) in paragraph at lines 162--163
\OT1/ptm/m/n/10 space ap-pli-ca-tion to be in-voked be-fore con-tin-u-
 []


Underfull \hbox (badness 1043) in paragraph at lines 162--163
\OT1/ptm/m/n/10 ing, \OT1/pcr/m/n/10 UMH[]WAIT[]PROC \OT1/ptm/m/n/10 to wait fo
r the en-tire pro-
 []

<Pictures/usermodehelper_code.png, id=24, 847.165pt x 151.56625pt>
File: Pictures/usermodehelper_code.png Graphic file (type png)

<use Pictures/usermodehelper_code.png>
Package pdftex.def Info: Pictures/usermodehelper_code.png used on input line 16
8.
(pdftex.def)             Requested size: 237.13594pt x 42.42438pt.

Underfull \hbox (badness 10000) in paragraph at lines 182--183
[]\OT1/ptm/m/n/10 Uninstall the old ver-sion of the mod-ule at
 []


Underfull \hbox (badness 10000) in paragraph at lines 182--183
\OT1/pcr/m/n/10 /lib/modules/$(uname -r)/kernel/
 []


Underfull \hbox (badness 1789) in paragraph at lines 183--184
[]\OT1/ptm/m/n/10 Copy the new mod-ule from lo-cal user space to
 []


Underfull \hbox (badness 10000) in paragraph at lines 183--184
\OT1/pcr/m/n/10 /lib/modules/$(uname -r)/kernel/
 []


Underfull \hbox (badness 1237) in paragraph at lines 184--185
[]\OT1/ptm/m/n/10 Insert the new mod-ule us-ing the \OT1/pcr/m/n/10 sudo insmod

 []

[5 <C:/Users/Bonnie/Documents/MSU/CSE825/cse_825/Project/FinalReportTex/Picture
s/usermodehelper_code.png>]
Underfull \hbox (badness 10000) in paragraph at lines 208--209
[]\OT1/ptm/m/it/10 Teensy Pro-grammable Mi-cro-con-troller with at-
 []


Underfull \hbox (badness 1005) in paragraph at lines 246--247
\OT1/ptm/m/n/10 tions, struc-tures ex-ist in the code for the ``us-b-mouse''
 []


Underfull \hbox (badness 1092) in paragraph at lines 246--247
\OT1/ptm/m/n/10 types (found in us-bkbd.c), which can be changed us-
 []


Underfull \hbox (badness 2285) in paragraph at lines 246--247
\OT1/ptm/m/n/10 ing the \OT1/pcr/m/n/10 input[]report[]key \OT1/ptm/m/n/10 func
-tion. Sim-i-larly, the
 []


Underfull \hbox (badness 3954) in paragraph at lines 246--247
\OT1/ptm/m/n/10 and \OT1/pcr/m/n/10 input[]report[]rel \OT1/ptm/m/n/10 func-tio
ns, as seen in the
 []

[6]
Underfull \hbox (badness 10000) in paragraph at lines 248--249
[]\OT1/ptm/b/n/10 TODO (Bon-nie): \OT1/ptm/m/n/10 bet-ter ex-pla-na-tion of the
 in-
 []


Underfull \hbox (badness 3989) in paragraph at lines 248--249
\OT1/ptm/m/n/10 put[]report[]key func-tion (or ex-plain with-out men-tion-
 []

LaTeX Font Info:    External font `cmex10' loaded for size
(Font)              <7> on input line 261.
LaTeX Font Info:    External font `cmex10' loaded for size
(Font)              <5> on input line 261.

Overfull \hbox (34.20114pt too wide) in paragraph at lines 261--271
 [] 
 []


Underfull \hbox (badness 1721) in paragraph at lines 284--285
[]\OT1/ptm/m/n/10 All team mem-bers were re-spon-si-ble for fi-nal read
 []


(C:\Users\Bonnie\Documents\MSU\CSE825\cse_825\Project\FinalReportTex\FinalRepor
t.bbl
Underfull \hbox (badness 10000) in paragraph at lines 13--17
[]\OT1/ptm/m/n/9 Mouse over events with jbut-ton.
 []


Underfull \hbox (badness 10000) in paragraph at lines 13--17
\OT1/ptm/m/n/9 http://stackoverflow.com/questions/15403909/mouse-
 []


Overfull \hbox (5.30861pt too wide) in paragraph at lines 19--21
[]\OT1/ptm/m/n/9 Wikipedia - captcha.  http://en.wikipedia.org/wiki/CAPTCHA,
 []


Underfull \hbox (badness 10000) in paragraph at lines 35--40
[]\OT1/ptm/m/n/9 M. Kim.  Java swing tu-to-rial.
 []


Underfull \hbox (badness 10000) in paragraph at lines 35--40
\OT1/ptm/m/n/9 http://users.ece.utexas.edu/ miryung/teaching/EE379K-
 []


Underfull \hbox (badness 10000) in paragraph at lines 58--62
[]\OT1/ptm/m/n/9 Wikipedia.  Tur-ing test.
 []


Underfull \hbox (badness 1946) in paragraph at lines 58--62
\OT1/ptm/m/n/9 http://en.wikipedia.org/wiki/Turing[]test.  (Date ac-cessed
 []

) [7]
(C:\Users\Bonnie\Documents\MSU\CSE825\cse_825\Project\FinalReportTex\FinalRepor
t.aux) ) 
Here is how much of TeX's memory you used:
 1437 strings out of 494045
 19953 string characters out of 3148384
 76605 words of memory out of 3000000
 4721 multiletter control sequences out of 15000+200000
 23602 words of font info for 48 fonts, out of 3000000 for 9000
 715 hyphenation exceptions out of 8191
 29i,7n,21p,1277b,309s stack positions out of 5000i,500n,10000p,200000b,50000s
{C:/Program Files/MiKTeX 2.9/fonts/enc/dvips/fontname/8r.enc}<C:/Progra
m Files/MiKTeX 2.9/fonts/type1/public/amsfonts/cm/cmsy10.pfb><C:/Program Files/
MiKTeX 2.9/fonts/type1/urw/courier/ucrb8a.pfb><C:/Program Files/MiKTeX 2.9/font
s/type1/urw/courier/ucrr8a.pfb><C:/Program Files/MiKTeX 2.9/fonts/type1/urw/hel
vetic/uhvb8a.pfb><C:/Program Files/MiKTeX 2.9/fonts/type1/urw/times/utmb8a.pfb>
<C:/Program Files/MiKTeX 2.9/fonts/type1/urw/times/utmr8a.pfb><C:/Program Files
/MiKTeX 2.9/fonts/type1/urw/times/utmri8a.pfb>
Output written on FinalReport.pdf (7 pages, 206380 bytes).
PDF statistics:
 60 PDF objects out of 1000 (max. 8388607)
 0 named destinations out of 1000 (max. 500000)
 16 words of extra memory for PDF output out of 10000 (max. 10000000)

